mode: count
users/controller/controller.go:25.47,26.54 1 3
users/controller/controller.go:26.54,35.17 7 3
users/controller/controller.go:41.3,43.31 2 2
users/controller/controller.go:48.3,66.39 14 1
users/controller/controller.go:35.17,39.4 3 1
users/controller/controller.go:43.31,46.4 2 1
users/controller/controller.go:71.28,73.19 2 1
users/controller/controller.go:76.2,76.18 1 1
users/controller/controller.go:73.19,75.3 1 10
users/controller/controller.go:82.56,103.2 8 4
users/controller/controller.go:105.45,106.54 1 5
users/controller/controller.go:106.54,115.17 7 5
users/controller/controller.go:121.3,123.31 2 4
users/controller/controller.go:128.3,128.71 1 3
users/controller/controller.go:133.3,142.19 4 2
users/controller/controller.go:146.3,155.41 8 2
users/controller/controller.go:115.17,119.4 3 1
users/controller/controller.go:123.31,126.4 2 1
users/controller/controller.go:128.71,131.4 2 1
users/controller/controller.go:142.19,144.4 1 0
users/controller/controller.go:160.78,163.2 2 3
users/controller/controller.go:165.58,169.31 3 4
users/controller/controller.go:169.31,171.28 2 3
users/controller/controller.go:171.28,172.90 1 3
users/controller/controller.go:178.4,178.36 1 3
users/controller/controller.go:182.4,184.18 3 1
users/controller/controller.go:187.4,190.45 4 1
users/controller/controller.go:172.90,173.60 1 3
users/controller/controller.go:176.5,176.23 1 3
users/controller/controller.go:173.60,175.6 1 0
users/controller/controller.go:178.36,181.5 2 2
users/controller/controller.go:184.18,185.15 1 0
users/controller/controller.go:192.8,195.3 2 1
users/controller/controller.go:199.51,202.2 2 1
